2024-12-10 16:28:24:2824 - [32minfo[39m - [32mAplicação rodando na porta 3000[39m
2024-12-10 16:29:14 - [32minfo[39m - [32mAplicação rodando na porta 3000[39m
2024-12-10 | 16:29:31 - [32minfo[39m - [32mAplicação rodando na porta 3000[39m
2024-12-10 | 16:30:23 - [32minfo[39m - [32mAplicação rodando na porta 3000[39m
2024-12-10 | 16:30:25 - [32minfo[39m - [32mAplicação rodando na porta 3000[39m
2024-12-10 | 16:30:34 - [32minfo[39m - [32mAplicação rodando na porta 3000[39m
2024-12-10 | 16:30:38 - [32minfo[39m - [32mConnected to DB![39m
2024-12-10 | 16:30:38 - [32minfo[39m - [32mAplicação rodando na porta 3000[39m
2024-12-10 | 16:30:49 - [32minfo[39m - [32mConnected to DB![39m
2024-12-10 | 16:30:49 - [32minfo[39m - [32mAplicação rodando na porta 3000[39m
2024-12-10 | 16:31:00 - [32minfo[39m - [32mConnected to DB![39m
2024-12-10 | 16:31:00 - [32minfo[39m - [32mAplicação rodando na porta 3000[39m
2024-12-10 | 16:31:04 - [32mhttp[39m - [32mConnected to DB![39m
2024-12-10 | 16:31:04 - [32minfo[39m - [32mAplicação rodando na porta 3000[39m
2024-12-10 | 16:31:13 - [32mhttp[39m - [32mConnected to DB![39m
2024-12-10 | 16:31:13 - [32minfo[39m - [32mAplicação rodando na porta 3000[39m
2024-12-10 | 16:31:39 - [35mhttp[39m - [35mConnected to DB![39m
2024-12-10 | 16:31:39 - [32minfo[39m - [32mAplicação rodando na porta 3000[39m
2024-12-10 | 16:31:51 - [33mwarn[39m - [33mConnected to DB![39m
2024-12-10 | 16:31:51 - [32minfo[39m - [32mAplicação rodando na porta 3000[39m
2024-12-10 | 16:32:13 - [37mdebug[39m - [37mConnected to DB![39m
2024-12-10 | 16:32:13 - [32minfo[39m - [32mAplicação rodando na porta 3000[39m
2024-12-10 | 16:32:19 - [31merror[39m - [31mConnected to DB![39m
2024-12-10 | 16:32:19 - [32minfo[39m - [32mAplicação rodando na porta 3000[39m
2024-12-10 | 16:32:30 - [32minfo[39m - [32mConnected to DB![39m
2024-12-10 | 16:32:30 - [32minfo[39m - [32mAplicação rodando na porta 3000[39m
2024-12-10 | 16:32:42 - [31merror[39m - [31mUnable to connect.[39m
2024-12-10 | 16:32:42 - [31merror[39m - [31mError: TypeError: colors[Colorizer.allColors[lookup]] is not a function[39m
2024-12-10 | 16:32:47 - [31merror[39m - [31mUnable to connect.[39m
2024-12-10 | 16:32:47 - [31merror[39m - [31mError: TypeError: colors[Colorizer.allColors[lookup]] is not a function[39m
2024-12-10 | 16:32:58 - [34minfo[39m - [34mConnected to DB![39m
2024-12-10 | 16:32:58 - [34minfo[39m - [34mAplicação rodando na porta 3000[39m
2024-12-10 | 16:33:08 - [31merror[39m - [31mUnable to connect.[39m
2024-12-10 | 16:33:08 - [31merror[39m - [31mError: TypeError: colors[Colorizer.allColors[lookup]] is not a function[39m
2024-12-10 | 16:33:15 - [31merror[39m - [31mUnable to connect.[39m
2024-12-10 | 16:33:15 - [31merror[39m - [31mError: TypeError: colors[Colorizer.allColors[lookup]] is not a function[39m
2024-12-10 | 16:33:22 - [31merror[39m - [31mUnable to connect.[39m
2024-12-10 | 16:33:22 - [31merror[39m - [31mError: TypeError: colors[Colorizer.allColors[lookup]] is not a function[39m
2024-12-10 | 16:33:25 - [31merror[39m - [31mUnable to connect.[39m
2024-12-10 | 16:33:25 - [31merror[39m - [31mError: TypeError: colors[Colorizer.allColors[lookup]] is not a function[39m
2024-12-10 | 16:33:34 - [31merror[39m - [31mUnable to connect.[39m
2024-12-10 | 16:33:34 - [31merror[39m - [31mError: TypeError: colors[Colorizer.allColors[lookup]] is not a function[39m
2024-12-10 | 16:33:47 - [32minfo[39m - [32mConnected to DB![39m
2024-12-10 | 16:33:47 - [32minfo[39m - [32mAplicação rodando na porta 3000[39m
2024-12-10 | 18:10:01 - [32minfo[39m - [32mConnected to DB![39m
2024-12-10 | 18:10:01 - [32minfo[39m - [32mAplicação rodando na porta 3000[39m
2024-12-10 | 18:18:31 - [32minfo[39m - [32mConnected to DB![39m
2024-12-10 | 18:18:31 - [32minfo[39m - [32mAplicação rodando na porta 3000[39m
2024-12-10 | 18:19:04 - [32minfo[39m - [32mConnected to DB![39m
2024-12-10 | 18:19:04 - [32minfo[39m - [32mAplicação rodando na porta 3000[39m
2024-12-10 | 18:19:12 - [32minfo[39m - [32mConnected to DB![39m
2024-12-10 | 18:19:12 - [32minfo[39m - [32mAplicação rodando na porta 3000[39m
2024-12-10 | 18:19:37 - [32minfo[39m - [32mConnected to DB![39m
2024-12-10 | 18:19:37 - [32minfo[39m - [32mAplicação rodando na porta 3000[39m
2024-12-10 | 18:19:42 - [32minfo[39m - [32mConnected to DB![39m
2024-12-10 | 18:19:42 - [32minfo[39m - [32mAplicação rodando na porta 3000[39m
2024-12-10 | 18:21:55 - [35mhttp[39m - [35mGET /api/test 200 - - 4.817[39m
[35m[39m
2024-12-10 | 18:23:06 - [32minfo[39m - [32mConnected to DB![39m
2024-12-10 | 18:23:06 - [32minfo[39m - [32mAplicação rodando na porta 3000[39m
2024-12-10 | 18:23:24 - [32minfo[39m - [32mConnected to DB![39m
2024-12-10 | 18:23:24 - [32minfo[39m - [32mAplicação rodando na porta 3000[39m
2024-12-10 | 18:23:30 - [32minfo[39m - [32mConnected to DB![39m
2024-12-10 | 18:23:30 - [32minfo[39m - [32mAplicação rodando na porta 3000[39m
2024-12-10 | 18:23:53 - [32minfo[39m - [32mConnected to DB![39m
2024-12-10 | 18:23:53 - [32minfo[39m - [32mAplicação rodando na porta 3000[39m
2024-12-10 | 18:23:58 - [32minfo[39m - [32mConnected to DB![39m
2024-12-10 | 18:23:58 - [32minfo[39m - [32mAplicação rodando na porta 3000[39m
2024-12-10 | 18:25:07 - [32minfo[39m - [32mConnected to DB![39m
2024-12-10 | 18:25:07 - [32minfo[39m - [32mAplicação rodando na porta 3000[39m
2024-12-10 | 18:25:13 - [32minfo[39m - [32mConnected to DB![39m
2024-12-10 | 18:25:13 - [32minfo[39m - [32mAplicação rodando na porta 3000[39m
2024-12-10 | 18:25:28 - [32minfo[39m - [32mConnected to DB![39m
2024-12-10 | 18:25:28 - [32minfo[39m - [32mAplicação rodando na porta 3000[39m
2024-12-10 | 18:25:44 - [32minfo[39m - [32mConnected to DB![39m
2024-12-10 | 18:25:44 - [32minfo[39m - [32mAplicação rodando na porta 3000[39m
2024-12-10 | 18:25:55 - [32minfo[39m - [32mConnected to DB![39m
2024-12-10 | 18:25:55 - [32minfo[39m - [32mAplicação rodando na porta 3000[39m
2024-12-10 | 18:26:56 - [32minfo[39m - [32mConnected to DB![39m
2024-12-10 | 18:26:56 - [32minfo[39m - [32mAplicação rodando na porta 3000[39m
2024-12-10 | 18:27:05 - [32minfo[39m - [32mConnected to DB![39m
2024-12-10 | 18:27:05 - [32minfo[39m - [32mAplicação rodando na porta 3000[39m
2024-12-10 | 18:29:37 - [32minfo[39m - [32mConnected to DB![39m
2024-12-10 | 18:29:37 - [32minfo[39m - [32mAplicação rodando na porta 3000[39m
2024-12-10 | 18:29:47 - [32minfo[39m - [32mConnected to DB![39m
2024-12-10 | 18:29:47 - [32minfo[39m - [32mAplicação rodando na porta 3000[39m
2024-12-10 | 18:29:54 - [32minfo[39m - [32mConnected to DB![39m
2024-12-10 | 18:29:54 - [32minfo[39m - [32mAplicação rodando na porta 3000[39m
2024-12-11 | 09:22:58 - [32minfo[39m - [32mConnected to DB![39m
2024-12-11 | 09:22:58 - [32minfo[39m - [32mAplicação rodando na porta 3000[39m
2024-12-11 | 09:23:07 - [35mhttp[39m - [35mPOST /api/movie 200 - - 2.213[39m
[35m[39m
2024-12-11 | 09:23:15 - [35mhttp[39m - [35mPOST /api/movie 200 - - 0.416[39m
[35m[39m
